<?xml version="1.0" encoding="UTF-8"?>
<!-- Generated by org.testng.reporters.JUnitReportReporter -->
<testsuite hostname="MT-10CHR93" failures="0" tests="1" name="Testcases.AllproductTab_TC" time="13.573" errors="0" timestamp="2021-11-22T15:43:20 IST" skipped="0">
  <testcase classname="Testcases.AllproductTab_TC" name="AllTab" time="13.573"/>
  <system-out/>
</testsuite> <!-- Testcases.AllproductTab_TC -->
