<?xml version="1.0" encoding="UTF-8"?>
<!-- Generated by org.testng.reporters.JUnitReportReporter -->
<testsuite hostname="MT-10CHR93" failures="0" tests="1" name="Testcases.CartCheckout_TC" time="21.895" errors="0" timestamp="2021-11-22T15:43:20 IST" skipped="0">
  <testcase classname="Testcases.CartCheckout_TC" name="cartcheckout" time="21.895"/>
  <system-out/>
</testsuite> <!-- Testcases.CartCheckout_TC -->
