<?xml version="1.0" encoding="UTF-8"?>
<!-- Generated by org.testng.reporters.JUnitReportReporter -->
<testsuite hostname="MT-10CHR93" failures="0" tests="1" name="Testcases.SearchAction_TC" time="23.336" errors="0" timestamp="2021-11-22T15:43:20 IST" skipped="0">
  <testcase classname="Testcases.SearchAction_TC" name="Search" time="23.336"/>
  <system-out/>
</testsuite> <!-- Testcases.SearchAction_TC -->
