<?xml version="1.0" encoding="UTF-8"?>
<!-- Generated by org.testng.reporters.JUnitReportReporter -->
<testsuite hostname="MT-10CHR93" failures="0" tests="1" name="Testcases.Hoveraction_TC" time="19.568" errors="0" timestamp="2021-11-22T15:43:20 IST" skipped="0">
  <testcase classname="Testcases.Hoveraction_TC" name="Hover" time="19.568"/>
  <system-out/>
</testsuite> <!-- Testcases.Hoveraction_TC -->
