<?xml version="1.0" encoding="UTF-8"?>
<!-- Generated by org.testng.reporters.JUnitReportReporter -->
<testsuite hostname="MT-10CHR93" failures="0" tests="1" name="Testcases.Contactpage_TC" time="13.717" errors="0" timestamp="2021-11-22T15:43:20 IST" skipped="0">
  <testcase classname="Testcases.Contactpage_TC" name="ContactPage" time="13.717"/>
  <system-out/>
</testsuite> <!-- Testcases.Contactpage_TC -->
