<?xml version="1.0" encoding="UTF-8"?>
<!-- Generated by org.testng.reporters.JUnitReportReporter -->
<testsuite hostname="MT-31196458H" failures="0" tests="1" name="Testcases.HeaderLink_TC" time="9.179" errors="0" timestamp="2021-11-18T22:47:08 IST" skipped="0">
  <testcase classname="Testcases.HeaderLink_TC" name="HeaderLinks" time="9.179"/>
  <system-out/>
</testsuite> <!-- Testcases.HeaderLink_TC -->
