<?xml version="1.0" encoding="UTF-8"?>
<!-- Generated by org.testng.reporters.JUnitReportReporter -->
<testsuite hostname="MT-10CHR93" failures="0" tests="1" name="Testcases.Christmastab_TC" time="14.328" errors="0" timestamp="2021-11-22T13:51:00 IST" skipped="0">
  <testcase classname="Testcases.Christmastab_TC" name="christmas" time="14.328"/>
  <system-out/>
</testsuite> <!-- Testcases.Christmastab_TC -->
