<?xml version="1.0" encoding="UTF-8"?>
<!-- Generated by org.testng.reporters.JUnitReportReporter -->
<testsuite hostname="MT-10CHR93" failures="0" tests="1" name="Testcases.AddGiftcard_TC" time="12.270" errors="0" timestamp="2021-11-22T13:51:00 IST" skipped="0">
  <testcase classname="Testcases.AddGiftcard_TC" name="AddGift" time="12.270"/>
  <system-out/>
</testsuite> <!-- Testcases.AddGiftcard_TC -->
