<?xml version="1.0" encoding="UTF-8"?>
<!-- Generated by org.testng.reporters.JUnitReportReporter -->
<testsuite skipped="0" hostname="MT-31196458H" name="Testcases.HeaderLink_TC" tests="1" failures="0" timestamp="2021-11-18T22:25:55 IST" time="10.958" errors="0">
  <testcase name="HeaderLinks" time="10.958" classname="Testcases.HeaderLink_TC"/>
  <system-out/>
</testsuite> <!-- Testcases.HeaderLink_TC -->
