<?xml version="1.0" encoding="UTF-8"?>
<!-- Generated by org.testng.reporters.JUnitReportReporter -->
<testsuite hostname="MT-10CHR93" failures="0" tests="1" name="Testcases.AllproductTab_TC" time="14.451" errors="0" timestamp="2021-11-22T13:51:00 IST" skipped="0">
  <testcase classname="Testcases.AllproductTab_TC" name="AllTab" time="14.451"/>
  <system-out/>
</testsuite> <!-- Testcases.AllproductTab_TC -->
