<?xml version="1.0" encoding="UTF-8"?>
<!-- Generated by org.testng.reporters.JUnitReportReporter -->
<testsuite hostname="MT-10CHR93" failures="0" tests="1" name="Testcases.Wishlistpage_TC" time="16.898" errors="0" timestamp="2021-11-22T13:51:00 IST" skipped="0">
  <testcase classname="Testcases.Wishlistpage_TC" name="wishlist" time="16.898"/>
  <system-out/>
</testsuite> <!-- Testcases.Wishlistpage_TC -->
