<?xml version="1.0" encoding="UTF-8"?>
<!-- Generated by org.testng.reporters.JUnitReportReporter -->
<testsuite hostname="MT-10CHR93" failures="0" tests="1" name="Testcases.Homepage_TC" time="7.135" errors="0" timestamp="2021-11-22T13:51:00 IST" skipped="0">
  <testcase classname="Testcases.Homepage_TC" name="Homepage" time="7.135"/>
  <system-out/>
</testsuite> <!-- Testcases.Homepage_TC -->
